2025-05-16 11:24:38,435 | DEBUG | app_logger - Создание моделей...
2025-05-16 11:24:38,504 | DEBUG | app_logger - Таблица UserVPNKey уже существует.
2025-05-16 11:24:38,505 | DEBUG | app_logger - Столбец vpn_key_id отсутствует, перенос данных не требуется.
2025-05-16 11:24:38,507 | INFO | app_logger - Миграция 001_user_vpnkey.py успешно применена.
2025-05-16 11:24:38,507 | INFO | app_logger - Запуск миграций...
2025-05-16 11:24:38,901 | INFO | app_logger - Загрузка базовых команд...
2025-05-16 11:25:07,417 | DEBUG | app_logger - Создание моделей...
2025-05-16 11:25:07,418 | INFO | app_logger - Миграция 001_user_vpnkey.py уже применена.
2025-05-16 11:25:07,419 | INFO | app_logger - Запуск миграций...
2025-05-16 11:25:07,667 | INFO | app_logger - Загрузка базовых команд...
2025-05-16 11:26:20,639 | DEBUG | app_logger - Создание моделей...
2025-05-16 11:26:20,639 | INFO | app_logger - Миграция 001_user_vpnkey.py уже применена.
2025-05-16 11:26:20,640 | INFO | app_logger - Запуск миграций...
2025-05-16 11:26:20,853 | INFO | app_logger - Загрузка базовых команд...
2025-05-16 11:26:53,728 | DEBUG | app_logger - Создание моделей...
2025-05-16 11:26:53,729 | INFO | app_logger - Миграция 001_user_vpnkey.py уже применена.
2025-05-16 11:26:53,729 | INFO | app_logger - Запуск миграций...
2025-05-16 11:26:54,294 | INFO | app_logger - Загрузка базовых команд...
2025-05-16 11:38:39,370 | DEBUG | app_logger - Создание моделей...
2025-05-16 11:38:39,371 | INFO | app_logger - Миграция 001_user_vpnkey.py уже применена.
2025-05-16 11:38:39,371 | INFO | app_logger - Запуск миграций...
2025-05-16 11:38:39,637 | INFO | app_logger - Загрузка базовых команд...
2025-05-16 11:38:39,642 | INFO | app_logger - Запущен планировщик для проверки подписки пользователей и отзыва ключей.
2025-05-16 11:38:39,643 | INFO | app_logger - Проверка пользователей...
2025-05-16 11:38:39,699 | INFO | app_logger - Бот @xDoubleVPN_bot запущен.
2025-05-16 11:38:45,771 | INFO | app_logger - Внимание! Новый юзер: dlma - cloud_nnine
2025-05-16 11:38:57,627 | INFO | app_logger - Пользователь dlma вызвал команду /location
2025-05-16 11:39:03,612 | INFO | app_logger - Пользователь dlma зашел в юзер панель.
2025-05-16 11:40:00,047 | INFO | app_logger - Пользователь dlma зашел в юзер панель.
2025-05-16 11:40:02,758 | INFO | app_logger - Пользователь dlma вернулся в главное меню
2025-05-16 11:40:06,438 | INFO | app_logger - Пользователь dlma зашел в юзер панель.
2025-05-16 11:40:16,471 | INFO | app_logger - Администратор dlma зашел в админ панель.
2025-05-16 11:40:18,141 | INFO | app_logger - Администратор dlma зашел в панель управления серверами.
2025-05-16 11:41:33,903 | INFO | app_logger - Администратор dlma начинает настройку сервера Amsterdam
2025-05-16 11:41:34,011 | ERROR | app_logger - Ошибка при настройке сервера Amsterdam: ('89.208.97.164 ssh-rsa AAAAB3NzaC1yc2EAAAADAQABAAABgQCJDnbyawRQnti72aEGAqiyKdrzbh4N+vkfyMogF09A5ZzyMB49pOHzypV0Hs45bM6nPPsqUrn9Vds+RL4i4QUCUSDIkUsFC0cdTKspr9sQKa6nTTMVjtgMI/IuKbGPZ5p93S5L3yFB0TLaHDbQaeRkRu+0gsly6UHHR9Q94rQ5UUSEDmN6VjaM3kqIJNp5VFqraz2KRnTyTzb7LstAIzEXE05oyIbyvhQMF7g2DTR3u2EGY8A08UByO3KP0rUoQg6Tx8/BYFbquGBrQn/kIH1qrTYNTywUkzQj0MNsD077lMXYephYv0beDkJpX58Mui9/kTqoZfEKCTO2mHcaxoUKrkJq/RhtV3EiKq0W6LlL2U3VNVU4jgbkeCEAhIcmvTggA1fqe', Error('Invalid base64-encoded string: number of data characters (421) cannot be 1 more than a multiple of 4'))
2025-05-16 11:42:09,690 | INFO | app_logger - Пользователь dlma зашел в юзер панель.
2025-05-16 11:42:12,936 | INFO | app_logger - Администратор dlma зашел в админ панель.
2025-05-16 11:42:14,724 | INFO | app_logger - Администратор dlma зашел в панель управления серверами.
2025-05-16 11:42:33,512 | INFO | app_logger - Администратор dlma начинает настройку сервера Amsterdam
2025-05-16 11:42:33,604 | ERROR | app_logger - Ошибка при настройке сервера Amsterdam: ('89.208.97.164 ssh-rsa AAAAB3NzaC1yc2EAAAADAQABAAABgQCJDnbyawRQnti72aEGAqiyKdrzbh4N+vkfyMogF09A5ZzyMB49pOHzypV0Hs45bM6nPPsqUrn9Vds+RL4i4QUCUSDIkUsFC0cdTKspr9sQKa6nTTMVjtgMI/IuKbGPZ5p93S5L3yFB0TLaHDbQaeRkRu+0gsly6UHHR9Q94rQ5UUSEDmN6VjaM3kqIJNp5VFqraz2KRnTyTzb7LstAIzEXE05oyIbyvhQMF7g2DTR3u2EGY8A08UByO3KP0rUoQg6Tx8/BYFbquGBrQn/kIH1qrTYNTywUkzQj0MNsD077lMXYephYv0beDkJpX58Mui9/kTqoZfEKCTO2mHcaxoUKrkJq/RhtV3EiKq0W6LlL2U3VNVU4jgbkeCEAhIcmvTggA1fqe', Error('Invalid base64-encoded string: number of data characters (421) cannot be 1 more than a multiple of 4'))
2025-05-16 11:43:38,233 | INFO | app_logger - Администратор dlma вызвал команду /message_sending.
2025-05-16 11:43:39,649 | INFO | app_logger - Проверка пользователей...
2025-05-16 11:44:05,523 | INFO | app_logger - Администратор dlma вызвал команду /message_sending.
2025-05-16 11:44:08,047 | INFO | app_logger - Администратор dlma начал рассылку сообщений: Т
2025-05-16 11:44:13,436 | INFO | app_logger - Пользователь dlma зашел в юзер панель.
2025-05-16 11:44:15,299 | INFO | app_logger - Пользователь dlma вернулся в главное меню
2025-05-16 11:44:21,160 | INFO | app_logger - Администратор dlma вызвал команду /add_vpn_key.
2025-05-16 11:44:25,775 | INFO | app_logger - Администратор dlma зашел в админ панель.
2025-05-16 11:44:27,530 | INFO | app_logger - Администратор dlma зашел в юзер панель.
2025-05-16 11:44:30,576 | INFO | app_logger - Администратор dlma вернулся к выбору опций.
2025-05-16 11:44:32,155 | INFO | app_logger - Администратор dlma зашел в панель управления серверами.
2025-05-16 11:48:39,647 | INFO | app_logger - Проверка пользователей...
